[2017-11-09 13:10:02][     ERROR]：516 => Failed opening controller script /data/wwwroot/news.aiqing110.com/application/controllers/News.php: No such file or directory
[2017-11-09 13:43:42][     ERROR]：516 => Failed opening controller script /data/wwwroot/news.aiqing110.com/application/controllers/News.php: No such file or directory
[2017-11-09 14:28:10][     ERROR]：516 => Failed opening controller script /data/wwwroot/news.aiqing110.com/application/controllers/Public.php: No such file or directory
[2017-11-09 14:28:20][     ERROR]：516 => Failed opening controller script /data/wwwroot/news.aiqing110.com/application/controllers/Public.php: No such file or directory
[2017-11-09 14:32:55][     ERROR]：516 => Failed opening controller script /data/wwwroot/news.aiqing110.com/application/controllers/Public.php: No such file or directory
[2017-11-09 14:32:57][     ERROR]：516 => Failed opening controller script /data/wwwroot/news.aiqing110.com/application/controllers/Public.php: No such file or directory
[2017-11-09 14:32:59][     ERROR]：516 => Failed opening controller script /data/wwwroot/news.aiqing110.com/application/controllers/Public.php: No such file or directory
[2017-11-09 14:33:02][     ERROR]：516 => Failed opening controller script /data/wwwroot/news.aiqing110.com/application/controllers/Public.php: No such file or directory
[2017-11-09 14:33:04][     ERROR]：516 => Failed opening controller script /data/wwwroot/news.aiqing110.com/application/controllers/Public.php: No such file or directory
[2017-11-09 14:33:09][     ERROR]：516 => Failed opening controller script /data/wwwroot/news.aiqing110.com/application/controllers/Public.php: No such file or directory
[2017-11-09 14:33:12][     ERROR]：516 => Failed opening controller script /data/wwwroot/news.aiqing110.com/application/controllers/Public.php: No such file or directory
[2017-11-09 14:33:14][     ERROR]：516 => Failed opening controller script /data/wwwroot/news.aiqing110.com/application/controllers/Public.php: No such file or directory
[2017-11-09 14:33:59][     ERROR]：516 => Failed opening controller script /data/wwwroot/news.aiqing110.com/application/controllers/1231.php: No such file or directory
[2017-11-09 14:44:36][     ERROR]：516 => Failed opening controller script /data/wwwroot/news.aiqing110.com/application/controllers/Public.php: No such file or directory
[2017-11-09 14:46:31][     ERROR]：516 => Failed opening controller script /data/wwwroot/news.aiqing110.com/application/controllers/Public.php: No such file or directory
[2017-11-09 14:59:48][     ERROR]：516 => Failed opening controller script /data/wwwroot/news.aiqing110.com/application/controllers/Admin/Mmggqbj1x6yptg6w.php: No such file or directory
[2017-11-09 15:04:13][     ERROR]：516 => Failed opening controller script /data/wwwroot/news.aiqing110.com/application/controllers/Public.php: No such file or directory
[2017-11-09 15:06:06][     ERROR]：516 => Failed opening controller script /data/wwwroot/news.aiqing110.com/application/controllers/123.php: No such file or directory
[2017-11-09 15:06:23][     ERROR]：516 => Failed opening controller script /data/wwwroot/news.aiqing110.com/application/controllers/123.php: No such file or directory
[2017-11-09 15:06:59][     ERROR]：516 => Failed opening controller script /data/wwwroot/news.aiqing110.com/application/controllers/Public.php: No such file or directory
[2017-11-09 15:07:04][     ERROR]：516 => Failed opening controller script /data/wwwroot/news.aiqing110.com/application/controllers/Public.php: No such file or directory
[2017-11-09 15:07:06][     ERROR]：516 => Failed opening controller script /data/wwwroot/news.aiqing110.com/application/controllers/Public.php: No such file or directory
[2017-11-09 15:07:14][     ERROR]：516 => Failed opening controller script /data/wwwroot/news.aiqing110.com/application/controllers/Public.php: No such file or directory
[2017-11-09 15:07:56][     ERROR]：516 => Failed opening controller script /data/wwwroot/news.aiqing110.com/application/controllers/Public.php: No such file or directory
[2017-11-09 16:21:57][     ERROR]：516 => Failed opening controller script /data/wwwroot/news.aiqing110.com/application/controllers/Public.php: No such file or directory
[2017-11-09 16:22:18][     ERROR]：516 => Failed opening controller script /data/wwwroot/news.aiqing110.com/application/controllers/Public.php: No such file or directory
[2017-11-09 16:54:28][     ERROR]：516 => Failed opening controller script /data/wwwroot/news.aiqing110.com/application/controllers/Public.php: No such file or directory
[2017-11-09 16:54:41][     ERROR]：516 => Failed opening controller script /data/wwwroot/news.aiqing110.com/application/controllers/Public.php: No such file or directory
[2017-11-09 16:57:24][     ERROR]：516 => Failed opening controller script /data/wwwroot/news.aiqing110.com/application/controllers/Public.php: No such file or directory
[2017-11-09 16:57:35][     ERROR]：516 => Failed opening controller script /data/wwwroot/news.aiqing110.com/application/controllers/Public.php: No such file or directory
[2017-11-09 17:01:40][     ERROR]：516 => Failed opening controller script /data/wwwroot/news.aiqing110.com/application/controllers/Public.php: No such file or directory
[2017-11-09 17:22:35][     ERROR]：516 => Failed opening controller script /data/wwwroot/news.aiqing110.com/application/controllers/Mobile.php: No such file or directory
[2017-11-09 17:22:43][     ERROR]：516 => Failed opening controller script /data/wwwroot/news.aiqing110.com/application/controllers/Mobile.php: No such file or directory
[2017-11-09 17:22:51][     ERROR]：516 => Failed opening controller script /data/wwwroot/news.aiqing110.com/application/controllers/Mobile.php: No such file or directory
[2017-11-09 17:36:32][     ERROR]：516 => Failed opening controller script /data/wwwroot/news.aiqing110.com/application/controllers/Public.php: No such file or directory
[2017-11-09 17:36:58][     ERROR]：516 => Failed opening controller script /data/wwwroot/news.aiqing110.com/application/controllers/Public.php: No such file or directory
[2017-11-09 17:43:49][     ERROR]：516 => Failed opening controller script /data/wwwroot/news.aiqing110.com/application/controllers/Public.php: No such file or directory
[2017-11-09 17:46:09][     ERROR]：516 => Failed opening controller script /data/wwwroot/news.aiqing110.com/application/controllers/Public.php: No such file or directory
[2017-11-09 17:46:18][     ERROR]：516 => Failed opening controller script /data/wwwroot/news.aiqing110.com/application/controllers/Public.php: No such file or directory
[2017-11-09 17:52:37][     ERROR]：516 => Failed opening controller script /data/wwwroot/news.aiqing110.com/application/controllers/Public.php: No such file or directory
[2017-11-09 17:54:37][     ERROR]：516 => Failed opening controller script /data/wwwroot/news.aiqing110.com/application/controllers/Public.php: No such file or directory
[2017-11-09 17:54:48][     ERROR]：516 => Failed opening controller script /data/wwwroot/news.aiqing110.com/application/controllers/Public.php: No such file or directory
[2017-11-09 17:54:55][     ERROR]：516 => Failed opening controller script /data/wwwroot/news.aiqing110.com/application/controllers/Public.php: No such file or directory
[2017-11-09 17:54:56][     ERROR]：516 => Failed opening controller script /data/wwwroot/news.aiqing110.com/application/controllers/Public.php: No such file or directory
[2017-11-09 17:55:54][     ERROR]：516 => Failed opening controller script /data/wwwroot/news.aiqing110.com/application/controllers/Public.php: No such file or directory
[2017-11-09 17:56:37][     ERROR]：516 => Failed opening controller script /data/wwwroot/news.aiqing110.com/application/controllers/Public.php: No such file or directory
[2017-11-09 17:57:22][     ERROR]：516 => Failed opening controller script /data/wwwroot/news.aiqing110.com/application/controllers/Public.php: No such file or directory
[2017-11-09 17:57:22][     ERROR]：516 => Failed opening controller script /data/wwwroot/news.aiqing110.com/application/controllers/Public.php: No such file or directory
[2017-11-09 18:00:09][     ERROR]：516 => Failed opening controller script /data/wwwroot/news.aiqing110.com/application/controllers/Public.php: No such file or directory
[2017-11-09 18:01:26][     ERROR]：516 => Failed opening controller script /data/wwwroot/news.aiqing110.com/application/controllers/Public.php: No such file or directory
[2017-11-09 18:01:37][     ERROR]：516 => Failed opening controller script /data/wwwroot/news.aiqing110.com/application/controllers/Public.php: No such file or directory
[2017-11-09 18:01:38][     ERROR]：516 => Failed opening controller script /data/wwwroot/news.aiqing110.com/application/controllers/Public.php: No such file or directory
[2017-11-09 18:01:42][     ERROR]：516 => Failed opening controller script /data/wwwroot/news.aiqing110.com/application/controllers/Public.php: No such file or directory
[2017-11-09 18:01:42][     ERROR]：516 => Failed opening controller script /data/wwwroot/news.aiqing110.com/application/controllers/Public.php: No such file or directory
[2017-11-09 18:01:51][     ERROR]：516 => Failed opening controller script /data/wwwroot/news.aiqing110.com/application/controllers/Public.php: No such file or directory
[2017-11-09 18:01:51][     ERROR]：516 => Failed opening controller script /data/wwwroot/news.aiqing110.com/application/controllers/Public.php: No such file or directory
[2017-11-09 18:02:03][     ERROR]：516 => Failed opening controller script /data/wwwroot/news.aiqing110.com/application/controllers/Public.php: No such file or directory
[2017-11-09 18:02:05][     ERROR]：516 => Failed opening controller script /data/wwwroot/news.aiqing110.com/application/controllers/Public.php: No such file or directory
[2017-11-09 18:02:07][     ERROR]：516 => Failed opening controller script /data/wwwroot/news.aiqing110.com/application/controllers/Public.php: No such file or directory
[2017-11-09 18:02:56][     ERROR]：516 => Failed opening controller script /data/wwwroot/news.aiqing110.com/application/controllers/Public.php: No such file or directory
[2017-11-09 18:03:01][     ERROR]：516 => Failed opening controller script /data/wwwroot/news.aiqing110.com/application/controllers/Public.php: No such file or directory
[2017-11-09 18:33:37][     ERROR]：404 => tag=> pid=>1
[2017-11-09 18:34:27][     ERROR]：516 => Failed opening controller script /data/wwwroot/news.aiqing110.com/application/controllers/Detail.php: No such file or directory
[2017-11-09 18:38:09][     ERROR]：404 => tag=> pid=>1
[2017-11-09 18:38:25][     ERROR]：516 => Failed opening controller script /data/wwwroot/news.aiqing110.com/application/controllers/Detail.php: No such file or directory
[2017-11-09 18:43:05][     ERROR]：404 => tag=> pid=>1
[2017-11-09 18:43:53][     ERROR]：516 => Failed opening controller script /data/wwwroot/news.aiqing110.com/application/controllers/Detail.php: No such file or directory
[2017-11-09 18:45:43][     ERROR]：517 => There is no method '%22+onmouseover=alert()+d='%22Action in IndexController
[2017-11-09 18:46:01][     ERROR]：516 => Failed opening controller script /data/wwwroot/news.aiqing110.com/application/controllers/'%22+onmouseover=alert()+d='%22.php: No such file or directory
[2017-11-09 18:46:43][     ERROR]：517 => There is no method %27%22%20onmouseover%3dalert%28%29%20d%3d%27%22Action in IndexController
[2017-11-09 18:47:01][     ERROR]：516 => Failed opening controller script /data/wwwroot/news.aiqing110.com/application/controllers/%27%22%20onmouseover%3dalert%28%29%20d%3d%27%22.php: No such file or directory
[2017-11-09 18:47:45][     ERROR]：517 => There is no method %2527%2522%2520onmouseover%253dalert%2528%2529%2520d%253d%2527%2522Action in IndexController
[2017-11-09 18:47:56][     ERROR]：516 => Failed opening controller script /data/wwwroot/news.aiqing110.com/application/controllers/%2527%2522%2520onmouseover%253dalert%2528%2529%2520d%253d%2527%2522.php: No such file or directory
[2017-11-09 18:48:40][     ERROR]：516 => Failed opening controller script /data/wwwroot/news.aiqing110.com/application/controllers/'%22.php: No such file or directory
[2017-11-09 18:48:52][     ERROR]：516 => Failed opening controller script /data/wwwroot/news.aiqing110.com/application/controllers/'%22.php: No such file or directory
[2017-11-09 18:49:55][     ERROR]：517 => There is no method %27%22%2f%3e%3c%2fscript%3e%3cscript%3ealert%28%29%3c%2fscript%3eAction in IndexController
[2017-11-09 18:50:07][     ERROR]：516 => Failed opening controller script /data/wwwroot/news.aiqing110.com/application/controllers/%27%22%2f%3e%3c%2fscript%3e%3cscript%3ealert%28%29%3c%2fscript%3e.php: No such file or directory
[2017-11-09 18:57:04][     ERROR]：517 => There is no method %2527%2522%252f%253e%253c%252fscript%253e%253cscript%253ealert%2528%2529%253c%252fscript%253eAction in IndexController
[2017-11-09 18:57:23][     ERROR]：516 => Failed opening controller script /data/wwwroot/news.aiqing110.com/application/controllers/%2527%2522%252f%253e%253c%252fscript%253e%253cscript%253ealert%2528%2529%253c%252fscript%253e.php: No such file or directory
[2017-11-09 19:01:48][     ERROR]：516 => Failed opening controller script /data/wwwroot/news.aiqing110.com/application/controllers/Detail.php: No such file or directory
[2017-11-09 19:05:36][     ERROR]：516 => Failed opening controller script /data/wwwroot/news.aiqing110.com/application/controllers/Detail.php: No such file or directory
[2017-11-09 19:08:19][     ERROR]：516 => Failed opening controller script /data/wwwroot/news.aiqing110.com/application/controllers/Detail.php: No such file or directory
[2017-11-09 19:10:02][     ERROR]：516 => Failed opening controller script /data/wwwroot/news.aiqing110.com/application/controllers/Detail.php: No such file or directory
[2017-11-09 19:11:27][     ERROR]：516 => Failed opening controller script /data/wwwroot/news.aiqing110.com/application/controllers/Detail.php: No such file or directory
[2017-11-09 19:17:21][     ERROR]：404 => tag=>PHNjcmlwdD5hbGVydCgxKTwvc2NyaXB0Pg== pid=>1
[2017-11-09 19:17:45][     ERROR]：516 => Failed opening controller script /data/wwwroot/news.aiqing110.com/application/controllers/Detail.php: No such file or directory
[2017-11-09 19:21:41][     ERROR]：404 => tag=>amF2YXNjcmlwdDpwcm9tcHQoMTExKTt4 pid=>1
[2017-11-09 19:22:34][     ERROR]：516 => Failed opening controller script /data/wwwroot/news.aiqing110.com/application/controllers/Detail.php: No such file or directory
[2017-11-09 19:27:22][     ERROR]：516 => Failed opening controller script /data/wwwroot/news.aiqing110.com/application/controllers/Detail.php: No such file or directory
